<?xml version="1.0" encoding="UTF-8"?>
<!-- Generated by org.testng.reporters.JUnitXMLReporter -->
<testsuite hostname="DESKTOP-FJN63NP" ignored="0" name="Default test" tests="6" failures="0" timestamp="2023-05-13T16:44:00 IST" time="18.767" errors="0">
  <testcase name="testA" time="4.284" classname="com.testes.LoginTest"/>
  <testcase name="testB" time="3.595" classname="com.testes.LoginTest"/>
  <testcase name="testC" time="3.426" classname="com.testes.LoginTest"/>
  <testcase name="testD" time="3.404" classname="com.testes.LoginTest"/>
  <testcase name="testE" time="3.564" classname="com.testes.LoginTest"/>
  <testcase name="testF" time="0.405" classname="com.testes.LoginTest"/>
</testsuite> <!-- Default test -->
