<?xml version="1.0" encoding="UTF-8"?>
<testng-results skipped="0" failed="0" ignored="0" total="6" passed="6">
  <reporter-output>
  </reporter-output>
  <suite name="Default suite" duration-ms="18767" started-at="2023-05-13T16:43:41 IST" finished-at="2023-05-13T16:44:00 IST">
    <groups>
    </groups>
    <test name="Default test" duration-ms="18767" started-at="2023-05-13T16:43:41 IST" finished-at="2023-05-13T16:44:00 IST">
      <class name="com.testes.LoginTest">
        <test-method status="PASS" signature="setUp()[pri:0, instance:com.testes.LoginTest@2353b3e6]" name="setUp" is-config="true" duration-ms="4671" started-at="2023-05-13T16:43:36 IST" finished-at="2023-05-13T16:43:41 IST">
          <reporter-output>
          </reporter-output>
        </test-method> <!-- setUp -->
        <test-method status="PASS" signature="testA()[pri:0, instance:com.testes.LoginTest@2353b3e6]" name="testA" duration-ms="4284" started-at="2023-05-13T16:43:41 IST" finished-at="2023-05-13T16:43:45 IST">
          <reporter-output>
          </reporter-output>
        </test-method> <!-- testA -->
        <test-method status="PASS" signature="testB()[pri:0, instance:com.testes.LoginTest@2353b3e6]" name="testB" duration-ms="3595" started-at="2023-05-13T16:43:45 IST" finished-at="2023-05-13T16:43:49 IST">
          <reporter-output>
          </reporter-output>
        </test-method> <!-- testB -->
        <test-method status="PASS" signature="testC()[pri:0, instance:com.testes.LoginTest@2353b3e6]" name="testC" duration-ms="3426" started-at="2023-05-13T16:43:49 IST" finished-at="2023-05-13T16:43:52 IST">
          <reporter-output>
          </reporter-output>
        </test-method> <!-- testC -->
        <test-method status="PASS" signature="testD()[pri:0, instance:com.testes.LoginTest@2353b3e6]" name="testD" duration-ms="3404" started-at="2023-05-13T16:43:52 IST" finished-at="2023-05-13T16:43:56 IST">
          <reporter-output>
          </reporter-output>
        </test-method> <!-- testD -->
        <test-method status="PASS" signature="testE()[pri:0, instance:com.testes.LoginTest@2353b3e6]" name="testE" duration-ms="3564" started-at="2023-05-13T16:43:56 IST" finished-at="2023-05-13T16:43:59 IST">
          <reporter-output>
          </reporter-output>
        </test-method> <!-- testE -->
        <test-method status="PASS" signature="testF()[pri:0, instance:com.testes.LoginTest@2353b3e6]" name="testF" duration-ms="405" started-at="2023-05-13T16:43:59 IST" finished-at="2023-05-13T16:44:00 IST">
          <reporter-output>
          </reporter-output>
        </test-method> <!-- testF -->
      </class> <!-- com.testes.LoginTest -->
    </test> <!-- Default test -->
  </suite> <!-- Default suite -->
</testng-results>
